[INFO ] 2023-06-04 08:55:54.267 [main] Amazon - url Open
[INFO ] 2023-06-04 08:55:57.411 [main] Amazon - Sigin happpened
[INFO ] 2023-06-04 08:56:02.587 [main] Amazon - Search happpened
[INFO ] 2023-06-04 09:35:09.300 [main] Amazon - url Open
[INFO ] 2023-06-04 09:35:09.345 [main] Amazon - ***************TestCase Verify SignIn Method*****************
[INFO ] 2023-06-04 09:49:57.090 [main] Amazon - url Open
[INFO ] 2023-06-04 09:49:57.131 [main] Amazon - ***************TestCase Verify SignIn Method*****************
[INFO ] 2023-06-04 09:51:02.047 [main] Amazon - url Open
[INFO ] 2023-06-04 09:51:02.080 [main] Amazon - ***************TestCase Verify SignIn Method*****************
[INFO ] 2023-06-04 09:52:29.721 [main] Amazon - url Open
[INFO ] 2023-06-04 09:52:29.760 [main] Amazon - ***************TestCase Verify SignIn Method*****************
[INFO ] 2023-06-04 09:52:35.542 [main] Amazon - Sigin happpened
[INFO ] 2023-06-04 09:52:35.542 [main] Amazon - VerifyLogin - Passed
[INFO ] 2023-06-04 09:52:35.543 [main] Amazon - ***************TestCase Verify Login ends*****************
[INFO ] 2023-06-04 09:52:35.548 [main] Amazon - Search happpened
[INFO ] 2023-06-04 09:54:01.073 [main] Amazon - url Open
[INFO ] 2023-06-04 09:54:01.167 [main] Amazon - ***************TestCase Verify SignIn Method*****************
[INFO ] 2023-06-04 09:54:17.856 [main] Amazon - url Open
[INFO ] 2023-06-04 09:54:17.913 [main] Amazon - ***************TestCase Verify SignIn Method*****************
[INFO ] 2023-06-04 09:54:22.286 [main] Amazon - Sigin happpened
[INFO ] 2023-06-04 09:54:22.286 [main] Amazon - VerifyLogin - Failed
[INFO ] 2023-06-04 10:06:32.347 [main] Amazon - url Open
[INFO ] 2023-06-04 10:06:32.381 [main] Amazon - ***************TestCase Verify SignIn Method*****************
[INFO ] 2023-06-04 10:06:49.050 [main] Amazon - Sigin happpened
[INFO ] 2023-06-04 10:06:49.050 [main] Amazon - VerifyLogin - Passed
[INFO ] 2023-06-04 10:06:49.052 [main] Amazon - ***************TestCase Verify Login ends*****************
[INFO ] 2023-06-04 10:06:49.056 [main] Amazon - Search happpened
[INFO ] 2023-06-04 10:07:53.452 [main] Amazon - url Open
[INFO ] 2023-06-04 10:07:53.483 [main] Amazon - ***************TestCase Verify SignIn Method*****************
[INFO ] 2023-06-04 10:08:23.205 [main] Amazon - Sigin happpened
[INFO ] 2023-06-04 10:08:23.205 [main] Amazon - VerifyLogin - Passed
[INFO ] 2023-06-04 10:08:23.206 [main] Amazon - ***************TestCase Verify Login ends*****************
[INFO ] 2023-06-04 10:08:23.209 [main] Amazon - Search happpened
[INFO ] 2023-06-04 14:35:26.010 [main] Amazon - url Open
[INFO ] 2023-06-04 14:35:26.359 [main] Amazon - ***************TestCase Verify SignIn Method*****************
[INFO ] 2023-06-04 14:35:31.354 [main] Amazon - Sigin happpened
[INFO ] 2023-06-04 14:35:31.354 [main] Amazon - VerifyLogin - Passed
[INFO ] 2023-06-04 14:35:31.356 [main] Amazon - ***************TestCase Verify Login ends*****************
[INFO ] 2023-06-04 14:35:31.359 [main] Amazon - Search happpened
[INFO ] 2023-06-04 14:38:52.981 [main] Amazon - url Open
[INFO ] 2023-06-04 14:38:53.036 [main] Amazon - ***************TestCase Verify SignIn Method*****************
[INFO ] 2023-06-04 14:38:58.026 [main] Amazon - Sigin happpened
[INFO ] 2023-06-04 14:38:58.026 [main] Amazon - VerifyLogin - Failed
[INFO ] 2023-06-04 16:23:22.274 [main] Amazon - url Open
[INFO ] 2023-06-04 16:23:22.327 [main] Amazon - ***************TestCase Verify SignIn Method*****************
[INFO ] 2023-06-04 16:23:27.880 [main] Amazon - Sigin happpened
[INFO ] 2023-06-04 16:23:27.880 [main] Amazon - VerifyLogin - Failed
[INFO ] 2023-06-04 16:25:05.441 [main] Amazon - url Open
[INFO ] 2023-06-04 16:25:05.480 [main] Amazon - ***************TestCase Verify SignIn Method*****************
[INFO ] 2023-06-04 16:25:11.577 [main] Amazon - Sigin happpened
[INFO ] 2023-06-04 16:25:11.578 [main] Amazon - VerifyLogin - Failed
[INFO ] 2023-06-04 16:54:55.548 [main] Amazon - url Open
[INFO ] 2023-06-04 16:54:55.588 [main] Amazon - ***************TestCase Verify SignIn Method*****************
[INFO ] 2023-06-04 16:54:59.942 [main] Amazon - Sigin happpened
[INFO ] 2023-06-04 16:54:59.942 [main] Amazon - VerifyLogin - Failed
[INFO ] 2023-06-04 17:06:26.569 [main] Amazon - url Open
[INFO ] 2023-06-04 17:06:26.615 [main] Amazon - ***************TestCase Verify SignIn Method*****************
[INFO ] 2023-06-04 17:06:32.182 [main] Amazon - Sigin happpened
[INFO ] 2023-06-04 17:06:32.183 [main] Amazon - VerifyLogin - Failed
[INFO ] 2023-06-04 17:08:20.215 [main] Amazon - url Open
[INFO ] 2023-06-04 17:08:20.264 [main] Amazon - ***************TestCase Verify SignIn Method*****************
[INFO ] 2023-06-04 17:08:26.537 [main] Amazon - Sigin happpened
[INFO ] 2023-06-04 17:08:26.538 [main] Amazon - VerifyLogin - Passed
[INFO ] 2023-06-04 17:08:26.540 [main] Amazon - ***************TestCase Verify Login ends*****************
[INFO ] 2023-06-04 17:08:26.544 [main] Amazon - Search happpened
[INFO ] 2023-06-04 18:13:08.347 [main] Amazon - url Open
[INFO ] 2023-06-04 18:13:08.426 [main] Amazon - ***************TestCase Verify SignIn Method*****************
[INFO ] 2023-06-04 18:13:15.129 [main] Amazon - Sigin happpened
[INFO ] 2023-06-04 18:13:15.129 [main] Amazon - VerifyLogin - Passed
[INFO ] 2023-06-04 18:13:15.132 [main] Amazon - ***************TestCase Verify Login ends*****************
[INFO ] 2023-06-04 18:13:15.135 [main] Amazon - Search happpened
[INFO ] 2023-06-04 18:14:53.965 [main] Amazon - url Open
[INFO ] 2023-06-04 18:14:54.009 [main] Amazon - ***************TestCase Verify SignIn Method*****************
[INFO ] 2023-06-04 18:15:00.299 [main] Amazon - Sigin happpened
[INFO ] 2023-06-04 18:15:00.299 [main] Amazon - VerifyLogin - Passed
[INFO ] 2023-06-04 18:15:00.302 [main] Amazon - ***************TestCase Verify Login ends*****************
[INFO ] 2023-06-04 18:15:00.307 [main] Amazon - Search happpened
[INFO ] 2023-06-04 18:21:29.460 [main] Amazon - url Open
[INFO ] 2023-06-04 18:21:29.509 [main] Amazon - ***************TestCase Verify SignIn Method*****************
[INFO ] 2023-06-04 18:21:36.216 [main] Amazon - Sigin happpened
[INFO ] 2023-06-04 18:21:36.217 [main] Amazon - VerifyLogin - Passed
[INFO ] 2023-06-04 18:21:36.220 [main] Amazon - ***************TestCase Verify Login ends*****************
[INFO ] 2023-06-04 18:21:36.226 [main] Amazon - Search happpened
[INFO ] 2023-06-04 20:00:57.605 [main] Amazon - url Open
[INFO ] 2023-06-04 20:00:57.661 [main] Amazon - ***************TestCase Verify SignIn Method*****************
[INFO ] 2023-06-04 20:01:02.619 [main] Amazon - Sigin happpened
[INFO ] 2023-06-04 20:01:02.620 [main] Amazon - VerifyLogin - Passed
[INFO ] 2023-06-04 20:01:02.624 [main] Amazon - ***************TestCase Verify Login ends*****************
[INFO ] 2023-06-04 20:01:02.629 [main] Amazon - Search happpened
